1635283590834	geckodriver	INFO	Listening on 127.0.0.1:6927
1635283593924	mozrunner::runner	INFO	Running command: "C:\\Program Files\\Mozilla Firefox\\firefox.exe" "--marionette" "-no-remote" "-profile" "C:\\Users\\Msi\\AppData\\Local\\Temp\\rust_mozprofileqGQXBp"
1635283594561	Marionette	INFO	Marionette enabled
console.warn: SearchSettings: "get: No settings file exists, new profile?" (new NotFoundError("Could not open the file at C:\\Users\\Msi\\AppData\\Local\\Temp\\rust_mozprofileqGQXBp\\search.json.mozlz4", (void 0)))
1635283596945	Marionette	INFO	Listening on port 6936
1635283597113	RemoteAgent	WARN	TLS certificate errors will be ignored for this session
1635283619777	Marionette	INFO	Stopped listening on port 6936
JavaScript error: resource:///modules/Interactions.jsm, line 201: NS_ERROR_FAILURE: Component returned failure code: 0x80004005 (NS_ERROR_FAILURE) [nsIUserIdleService.removeIdleObserver]
console.warn: TopSitesFeed: Failed to fetch data from Contile server: NetworkError when attempting to fetch resource.
JavaScript error: chrome://remote/content/marionette/cert.js, line 55: NS_ERROR_NOT_AVAILABLE: Component returned failure code: 0x80040111 (NS_ERROR_NOT_AVAILABLE) [nsICertOverrideService.setDisableAllSecurityChecksAndLetAttackersInterceptMyData]
1635285066980	geckodriver	INFO	Listening on 127.0.0.1:7846
1635285070047	mozrunner::runner	INFO	Running command: "C:\\Program Files\\Mozilla Firefox\\firefox.exe" "--marionette" "-no-remote" "-profile" "C:\\Users\\Msi\\AppData\\Local\\Temp\\rust_mozprofileGyOiOV"
1635285070354	Marionette	INFO	Marionette enabled
console.warn: SearchSettings: "get: No settings file exists, new profile?" (new NotFoundError("Could not open the file at C:\\Users\\Msi\\AppData\\Local\\Temp\\rust_mozprofileGyOiOV\\search.json.mozlz4", (void 0)))
1635285072266	Marionette	INFO	Listening on port 7854
1635285072716	RemoteAgent	WARN	TLS certificate errors will be ignored for this session
1635285073124	Marionette	INFO	Stopped listening on port 7854
JavaScript error: resource:///modules/Interactions.jsm, line 201: NS_ERROR_FAILURE: Component returned failure code: 0x80004005 (NS_ERROR_FAILURE) [nsIUserIdleService.removeIdleObserver]
console.warn: TopSitesFeed: Failed to fetch data from Contile server: NetworkError when attempting to fetch resource.
console.warn: TopSitesFeed: Failed to fetch data from Contile server: NetworkError when attempting to fetch resource.
console.error: Region.jsm: "Error fetching region" (new TypeError("NetworkError when attempting to fetch resource.", ""))
console.error: Region.jsm: "Failed to fetch region" (new Error("NO_RESULT", "resource://gre/modules/Region.jsm", 419))
JavaScript error: chrome://remote/content/marionette/cert.js, line 55: NS_ERROR_NOT_AVAILABLE: Component returned failure code: 0x80040111 (NS_ERROR_NOT_AVAILABLE) [nsICertOverrideService.setDisableAllSecurityChecksAndLetAttackersInterceptMyData]

###!!! [Parent][RunMessage] Error: Channel closing: too late to send/recv, messages will be lost

1657170949323	geckodriver	INFO	Listening on 127.0.0.1:7141
1657170952360	mozrunner::runner	INFO	Running command: "C:\\Program Files\\Mozilla Firefox\\firefox.exe" "--marionette" "--remote-debugging-port" "7142" "-no-remote" "-profile" "C:\\Users\\Msi\\AppData\\Local\\Temp\\rust_mozprofileVuodcW"
1657170954326	Marionette	INFO	Marionette enabled
1657170954335	Marionette	INFO	Listening on port 7152
WebDriver BiDi listening on ws://localhost:7142
1657170954608	RemoteAgent	WARN	TLS certificate errors will be ignored for this session
console.warn: SearchSettings: "get: No settings file exists, new profile?" (new NotFoundError("Could not open the file at C:\\Users\\Msi\\AppData\\Local\\Temp\\rust_mozprofileVuodcW\\search.json.mozlz4", (void 0)))
DevTools listening on ws://localhost:7142/devtools/browser/c88973f7-20b8-48ec-af8d-a456771d3640
console.warn: LoginRecipes: "getRecipes: falling back to a synchronous message for:" "https://govahi186.tax.gov.ir"
console.warn: LoginRecipes: "getRecipes: falling back to a synchronous message for:" "https://govahi186.tax.gov.ir"
JavaScript error: resource://gre/modules/LoginManagerParent.jsm, line 136: TypeError: gRecipeManager is null
1657170975841	Marionette	INFO	Stopped listening on port 7152
console.warn: TopSitesFeed: Failed to fetch data from Contile server: NetworkError when attempting to fetch resource.
[Parent 18108, IPC I/O Parent] WARNING: file /builds/worker/checkouts/gecko/ipc/chromium/src/base/process_util_win.cc:167
1657170996221	geckodriver	INFO	Listening on 127.0.0.1:7382
1657170999272	mozrunner::runner	INFO	Running command: "C:\\Program Files\\Mozilla Firefox\\firefox.exe" "--marionette" "--remote-debugging-port" "7383" "-no-remote" "-profile" "C:\\Users\\Msi\\AppData\\Local\\Temp\\rust_mozprofilefBILX1"
1657170999671	Marionette	INFO	Marionette enabled
1657170999678	Marionette	INFO	Listening on port 7393
WebDriver BiDi listening on ws://localhost:7383
1657170999958	RemoteAgent	WARN	TLS certificate errors will be ignored for this session
console.warn: SearchSettings: "get: No settings file exists, new profile?" (new NotFoundError("Could not open the file at C:\\Users\\Msi\\AppData\\Local\\Temp\\rust_mozprofilefBILX1\\search.json.mozlz4", (void 0)))
DevTools listening on ws://localhost:7383/devtools/browser/90c7397e-1576-4be5-9668-70b114b5c8fe
console.warn: LoginRecipes: "getRecipes: falling back to a synchronous message for:" "https://govahi186.tax.gov.ir"
console.warn: LoginRecipes: "getRecipes: falling back to a synchronous message for:" "https://govahi186.tax.gov.ir"
JavaScript error: resource://gre/modules/LoginManagerParent.jsm, line 136: TypeError: gRecipeManager is null
console.warn: LoginRecipes: "getRecipes: falling back to a synchronous message for:" "https://govahi186.tax.gov.ir"
JavaScript error: resource://gre/modules/LoginManagerParent.jsm, line 136: TypeError: gRecipeManager is null
console.warn: LoginRecipes: "getRecipes: falling back to a synchronous message for:" "https://govahi186.tax.gov.ir"
JavaScript error: resource://gre/modules/LoginManagerParent.jsm, line 136: TypeError: gRecipeManager is null
1657171471598	Marionette	INFO	Stopped listening on port 7393
console.warn: TopSitesFeed: Failed to fetch data from Contile server: NetworkError when attempting to fetch resource.
1657194871446	geckodriver	INFO	Listening on 127.0.0.1:1844
1657194874461	mozrunner::runner	INFO	Running command: "C:\\Program Files\\Mozilla Firefox\\firefox.exe" "--marionette" "--remote-debugging-port" "1845" "-no-remote" "-profile" "C:\\Users\\Msi\\AppData\\Local\\Temp\\rust_mozprofile3f9oVr"
1657194889880	geckodriver	INFO	Listening on 127.0.0.1:1899
1657194892899	mozrunner::runner	INFO	Running command: "C:\\Program Files\\Mozilla Firefox\\firefox.exe" "--marionette" "--remote-debugging-port" "1900" "-no-remote" "-profile" "C:\\Users\\Msi\\AppData\\Local\\Temp\\rust_mozprofilezoWTeD"
1657194893643	Marionette	INFO	Marionette enabled
1657194893651	Marionette	INFO	Listening on port 1907
WebDriver BiDi listening on ws://localhost:1900
1657194894053	RemoteAgent	WARN	TLS certificate errors will be ignored for this session
console.warn: SearchSettings: "get: No settings file exists, new profile?" (new NotFoundError("Could not open the file at C:\\Users\\Msi\\AppData\\Local\\Temp\\rust_mozprofilezoWTeD\\search.json.mozlz4", (void 0)))
DevTools listening on ws://localhost:1900/devtools/browser/5094a2b4-d278-45a1-b8cf-13961a5f70e2
console.warn: LoginRecipes: "getRecipes: falling back to a synchronous message for:" "https://govahi186.tax.gov.ir"
1657194908731	Marionette	INFO	Stopped listening on port 1907
console.warn: TopSitesFeed: Failed to fetch data from Contile server: NetworkError when attempting to fetch resource.
1657194911393	geckodriver	INFO	Listening on 127.0.0.1:1961
1657194914423	mozrunner::runner	INFO	Running command: "C:\\Program Files\\Mozilla Firefox\\firefox.exe" "--marionette" "--remote-debugging-port" "1962" "-no-remote" "-profile" "C:\\Users\\Msi\\AppData\\Local\\Temp\\rust_mozprofileKsHSlZ"
1657194914949	Marionette	INFO	Marionette enabled
1657194914954	Marionette	INFO	Listening on port 1969
WebDriver BiDi listening on ws://localhost:1962
1657194915082	RemoteAgent	WARN	TLS certificate errors will be ignored for this session
console.warn: SearchSettings: "get: No settings file exists, new profile?" (new NotFoundError("Could not open the file at C:\\Users\\Msi\\AppData\\Local\\Temp\\rust_mozprofileKsHSlZ\\search.json.mozlz4", (void 0)))
DevTools listening on ws://localhost:1962/devtools/browser/7f19a918-1f45-4b94-99e7-de92eef39383
console.warn: LoginRecipes: "getRecipes: falling back to a synchronous message for:" "https://govahi186.tax.gov.ir"
console.warn: LoginRecipes: "getRecipes: falling back to a synchronous message for:" "https://govahi186.tax.gov.ir"
JavaScript error: resource://gre/modules/LoginManagerParent.jsm, line 136: TypeError: gRecipeManager is null
console.warn: LoginRecipes: "getRecipes: falling back to a synchronous message for:" "https://govahi186.tax.gov.ir"
JavaScript error: resource://gre/modules/LoginManagerParent.jsm, line 136: TypeError: gRecipeManager is null
console.warn: LoginRecipes: "getRecipes: falling back to a synchronous message for:" "https://govahi186.tax.gov.ir"
JavaScript error: resource://gre/modules/LoginManagerParent.jsm, line 136: TypeError: gRecipeManager is null
console.warn: LoginRecipes: "getRecipes: falling back to a synchronous message for:" "https://govahi186.tax.gov.ir"
JavaScript error: resource://gre/modules/LoginManagerParent.jsm, line 136: TypeError: gRecipeManager is null
console.warn: LoginRecipes: "getRecipes: falling back to a synchronous message for:" "https://govahi186.tax.gov.ir"
JavaScript error: resource://gre/modules/LoginManagerParent.jsm, line 136: TypeError: gRecipeManager is null
console.warn: LoginRecipes: "getRecipes: falling back to a synchronous message for:" "https://govahi186.tax.gov.ir"
JavaScript error: resource://gre/modules/LoginManagerParent.jsm, line 136: TypeError: gRecipeManager is null
console.warn: LoginRecipes: "getRecipes: falling back to a synchronous message for:" "https://govahi186.tax.gov.ir"
JavaScript error: resource://gre/modules/LoginManagerParent.jsm, line 136: TypeError: gRecipeManager is null
console.warn: LoginRecipes: "getRecipes: falling back to a synchronous message for:" "https://govahi186.tax.gov.ir"
JavaScript error: resource://gre/modules/LoginManagerParent.jsm, line 136: TypeError: gRecipeManager is null
console.warn: LoginRecipes: "getRecipes: falling back to a synchronous message for:" "https://govahi186.tax.gov.ir"
JavaScript error: resource://gre/modules/LoginManagerParent.jsm, line 136: TypeError: gRecipeManager is null
1657195094061	Marionette	INFO	Stopped listening on port 1969
console.warn: TopSitesFeed: Failed to fetch data from Contile server: NetworkError when attempting to fetch resource.
1657202053159	geckodriver	INFO	Listening on 127.0.0.1:8674
1657202056196	mozrunner::runner	INFO	Running command: "C:\\Program Files\\Mozilla Firefox\\firefox.exe" "--marionette" "--remote-debugging-port" "8675" "-no-remote" "-profile" "C:\\Users\\Msi\\AppData\\Local\\Temp\\rust_mozprofileFu8QNn"
1657202056651	Marionette	INFO	Marionette enabled
1657202056656	Marionette	INFO	Listening on port 8684
WebDriver BiDi listening on ws://localhost:8675
1657202056784	RemoteAgent	WARN	TLS certificate errors will be ignored for this session
console.warn: SearchSettings: "get: No settings file exists, new profile?" (new NotFoundError("Could not open the file at C:\\Users\\Msi\\AppData\\Local\\Temp\\rust_mozprofileFu8QNn\\search.json.mozlz4", (void 0)))
DevTools listening on ws://localhost:8675/devtools/browser/9a2caf2f-1d83-4050-bd53-41505a707c55
console.warn: LoginRecipes: "getRecipes: falling back to a synchronous message for:" "https://govahi186.tax.gov.ir"
console.warn: LoginRecipes: "getRecipes: falling back to a synchronous message for:" "https://govahi186.tax.gov.ir"
JavaScript error: resource://gre/modules/LoginManagerParent.jsm, line 136: TypeError: gRecipeManager is null
1657204637042	Marionette	INFO	Stopped listening on port 8684
console.warn: TopSitesFeed: Failed to fetch data from Contile server: NetworkError when attempting to fetch resource.
remote-debugging-port" "3777" "-no-remote" "-profile" "C:\\Users\\Msi\\AppData\\Local\\Temp\\rust_mozprofileWbJ31T"
1657202358335	Marionette	INFO	Marionette enabled
1657202358341	Marionette	INFO	Listening on port 3787
WebDriver BiDi listening on ws://localhost:3777
1657202358477	RemoteAgent	WARN	TLS certificate errors will be ignored for this session
console.warn: SearchSettings: "get: No settings file exists, new profile?" (new NotFoundError("Could not open the file at C:\\Users\\Msi\\AppData\\Local\\Temp\\rust_mozprofileWbJ31T\\search.json.mozlz4", (void 0)))
DevTools listening on ws://localhost:3777/devtools/browser/c5d83ff4-61f1-4efa-8919-ad74677ebd92
console.warn: LoginRecipes: "getRecipes: falling back to a synchronous message for:" "https://govahi186.tax.gov.ir"
console.warn: LoginRecipes: "getRecipes: falling back to a synchronous message for:" "https://govahi186.tax.gov.ir"
JavaScript error: resource://gre/modules/LoginManagerParent.jsm, line 136: TypeError: gRecipeManager is null
1657202859300	Marionette	INFO	Stopped listening on port 3787
console.warn: TopSitesFeed: Failed to fetch data from Contile server: NetworkError when attempting to fetch resource.
-remote-debugging-port" "12407" "-no-remote" "-profile" "C:\\Users\\Msi\\AppData\\Local\\Temp\\rust_mozprofileMPQct1"
1657202859873	Marionette	INFO	Marionette enabled
1657202859879	Marionette	INFO	Listening on port 12414
WebDriver BiDi listening on ws://localhost:12407
1657202860491	RemoteAgent	WARN	TLS certificate errors will be ignored for this session
console.warn: SearchSettings: "get: No settings file exists, new profile?" (new NotFoundError("Could not open the file at C:\\Users\\Msi\\AppData\\Local\\Temp\\rust_mozprofileMPQct1\\search.json.mozlz4", (void 0)))
DevTools listening on ws://localhost:12407/devtools/browser/d5dc7854-d51b-4255-8839-a68abe2df1e2
1657202862861	Marionette	INFO	Stopped listening on port 12414
console.warn: TopSitesFeed: Failed to fetch data from Contile server: NetworkError when attempting to fetch resource.
1657202864508	geckodriver	INFO	Listening on 127.0.0.1:12441
1657202867549	mozrunner::runner	INFO	Running command: "C:\\Program Files\\Mozilla Firefox\\firefox.exe" "--marionette" "--remote-debugging-port" "12442" "-no-remote" "-profile" "C:\\Users\\Msi\\AppData\\Local\\Temp\\rust_mozprofile1O27H3"
1657202867947	Marionette	INFO	Marionette enabled
1657202867954	Marionette	INFO	Listening on port 12451
WebDriver BiDi listening on ws://localhost:12442
1657202868243	RemoteAgent	WARN	TLS certificate errors will be ignored for this session
console.warn: SearchSettings: "get: No settings file exists, new profile?" (new NotFoundError("Could not open the file at C:\\Users\\Msi\\AppData\\Local\\Temp\\rust_mozprofile1O27H3\\search.json.mozlz4", (void 0)))
DevTools listening on ws://localhost:12442/devtools/browser/0dbe8d1c-a04a-4f1c-8e17-5696cbbbb3ce
console.warn: LoginRecipes: "getRecipes: falling back to a synchronous message for:" "https://govahi186.tax.gov.ir"
console.warn: LoginRecipes: "getRecipes: falling back to a synchronous message for:" "https://govahi186.tax.gov.ir"
JavaScript error: resource://gre/modules/LoginManagerParent.jsm, line 136: TypeError: gRecipeManager is null
console.warn: LoginRecipes: "getRecipes: falling back to a synchronous message for:" "https://govahi186.tax.gov.ir"
JavaScript error: resource://gre/modules/LoginManagerParent.jsm, line 136: TypeError: gRecipeManager is null
console.warn: LoginRecipes: "getRecipes: falling back to a synchronous message for:" "https://govahi186.tax.gov.ir"
JavaScript error: resource://gre/modules/LoginManagerParent.jsm, line 136: TypeError: gRecipeManager is null
console.warn: LoginRecipes: "getRecipes: falling back to a synchronous message for:" "https://govahi186.tax.gov.ir"
JavaScript error: resource://gre/modules/LoginManagerParent.jsm, line 136: TypeError: gRecipeManager is null
console.warn: LoginRecipes: "getRecipes: falling back to a synchronous message for:" "https://govahi186.tax.gov.ir"
JavaScript error: resource://gre/modules/LoginManagerParent.jsm, line 136: TypeError: gRecipeManager is null
console.warn: LoginRecipes: "getRecipes: falling back to a synchronous message for:" "https://govahi186.tax.gov.ir"
JavaScript error: resource://gre/modules/LoginManagerParent.jsm, line 136: TypeError: gRecipeManager is null
console.warn: LoginRecipes: "getRecipes: falling back to a synchronous message for:" "https://govahi186.tax.gov.ir"
JavaScript error: resource://gre/modules/LoginManagerParent.jsm, line 136: TypeError: gRecipeManager is null
console.warn: LoginRecipes: "getRecipes: falling back to a synchronous message for:" "https://govahi186.tax.gov.ir"
JavaScript error: resource://gre/modules/LoginManagerParent.jsm, line 136: TypeError: gRecipeManager is null
console.warn: LoginRecipes: "getRecipes: falling back to a synchronous message for:" "https://govahi186.tax.gov.ir"
JavaScript error: resource://gre/modules/LoginManagerParent.jsm, line 136: TypeError: gRecipeManager is null
console.warn: LoginRecipes: "getRecipes: falling back to a synchronous message for:" "https://govahi186.tax.gov.ir"
JavaScript error: resource://gre/modules/LoginManagerParent.jsm, line 136: TypeError: gRecipeManager is null
console.warn: LoginRecipes: "getRecipes: falling back to a synchronous message for:" "https://govahi186.tax.gov.ir"
JavaScript error: resource://gre/modules/LoginManagerParent.jsm, line 136: TypeError: gRecipeManager is null
console.warn: LoginRecipes: "getRecipes: falling back to a synchronous message for:" "https://govahi186.tax.gov.ir"
JavaScript error: resource://gre/modules/LoginManagerParent.jsm, line 136: TypeError: gRecipeManager is null
console.warn: LoginRecipes: "getRecipes: falling back to a synchronous message for:" "https://govahi186.tax.gov.ir"
JavaScript error: resource://gre/modules/LoginManagerParent.jsm, line 136: TypeError: gRecipeManager is null
console.warn: LoginRecipes: "getRecipes: falling back to a synchronous message for:" "https://govahi186.tax.gov.ir"
JavaScript error: resource://gre/modules/LoginManagerParent.jsm, line 136: TypeError: gRecipeManager is null
console.warn: LoginRecipes: "getRecipes: falling back to a synchronous message for:" "https://govahi186.tax.gov.ir"
JavaScript error: resource://gre/modules/LoginManagerParent.jsm, line 136: TypeError: gRecipeManager is null
console.warn: LoginRecipes: "getRecipes: falling back to a synchronous message for:" "https://govahi186.tax.gov.ir"
JavaScript error: resource://gre/modules/LoginManagerParent.jsm, line 136: TypeError: gRecipeManager is null
console.warn: LoginRecipes: "getRecipes: falling back to a synchronous message for:" "https://govahi186.tax.gov.ir"
JavaScript error: resource://gre/modules/LoginManagerParent.jsm, line 136: TypeError: gRecipeManager is null
console.warn: LoginRecipes: "getRecipes: falling back to a synchronous message for:" "https://govahi186.tax.gov.ir"
JavaScript error: resource://gre/modules/LoginManagerParent.jsm, line 136: TypeError: gRecipeManager is null
console.warn: LoginRecipes: "getRecipes: falling back to a synchronous message for:" "https://govahi186.tax.gov.ir"
JavaScript error: resource://gre/modules/LoginManagerParent.jsm, line 136: TypeError: gRecipeManager is null
console.warn: LoginRecipes: "getRecipes: falling back to a synchronous message for:" "https://govahi186.tax.gov.ir"
JavaScript error: resource://gre/modules/LoginManagerParent.jsm, line 136: TypeError: gRecipeManager is null
console.warn: LoginRecipes: "getRecipes: falling back to a synchronous message for:" "https://govahi186.tax.gov.ir"
JavaScript error: resource://gre/modules/LoginManagerParent.jsm, line 136: TypeError: gRecipeManager is null
console.warn: LoginRecipes: "getRecipes: falling back to a synchronous message for:" "https://govahi186.tax.gov.ir"
JavaScript error: resource://gre/modules/LoginManagerParent.jsm, line 136: TypeError: gRecipeManager is null
console.warn: LoginRecipes: "getRecipes: falling back to a synchronous message for:" "https://govahi186.tax.gov.ir"
JavaScript error: resource://gre/modules/LoginManagerParent.jsm, line 136: TypeError: gRecipeManager is null
console.warn: LoginRecipes: "getRecipes: falling back to a synchronous message for:" "https://govahi186.tax.gov.ir"
JavaScript error: resource://gre/modules/LoginManagerParent.jsm, line 136: TypeError: gRecipeManager is null
console.warn: LoginRecipes: "getRecipes: falling back to a synchronous message for:" "https://govahi186.tax.gov.ir"
JavaScript error: resource://gre/modules/LoginManagerParent.jsm, line 136: TypeError: gRecipeManager is null
console.warn: LoginRecipes: "getRecipes: falling back to a synchronous message for:" "https://govahi186.tax.gov.ir"
JavaScript error: resource://gre/modules/LoginManagerParent.jsm, line 136: TypeError: gRecipeManager is null
console.warn: LoginRecipes: "getRecipes: falling back to a synchronous message for:" "https://govahi186.tax.gov.ir"
JavaScript error: resource://gre/modules/LoginManagerParent.jsm, line 136: TypeError: gRecipeManager is null
console.warn: LoginRecipes: "getRecipes: falling back to a synchronous message for:" "https://govahi186.tax.gov.ir"
JavaScript error: resource://gre/modules/LoginManagerParent.jsm, line 136: TypeError: gRecipeManager is null
console.warn: LoginRecipes: "getRecipes: falling back to a synchronous message for:" "https://govahi186.tax.gov.ir"
JavaScript error: resource://gre/modules/LoginManagerParent.jsm, line 136: TypeError: gRecipeManager is null
console.warn: LoginRecipes: "getRecipes: falling back to a synchronous message for:" "https://govahi186.tax.gov.ir"
JavaScript error: resource://gre/modules/LoginManagerParent.jsm, line 136: TypeError: gRecipeManager is null
console.warn: LoginRecipes: "getRecipes: falling back to a synchronous message for:" "https://govahi186.tax.gov.ir"
JavaScript error: resource://gre/modules/LoginManagerParent.jsm, line 136: TypeError: gRecipeManager is null
console.warn: LoginRecipes: "getRecipes: falling back to a synchronous message for:" "https://govahi186.tax.gov.ir"
JavaScript error: resource://gre/modules/LoginManagerParent.jsm, line 136: TypeError: gRecipeManager is null
console.warn: LoginRecipes: "getRecipes: falling back to a synchronous message for:" "https://govahi186.tax.gov.ir"
JavaScript error: resource://gre/modules/LoginManagerParent.jsm, line 136: TypeError: gRecipeManager is null
console.warn: LoginRecipes: "getRecipes: falling back to a synchronous message for:" "https://govahi186.tax.gov.ir"
JavaScript error: resource://gre/modules/LoginManagerParent.jsm, line 136: TypeError: gRecipeManager is null
console.warn: LoginRecipes: "getRecipes: falling back to a synchronous message for:" "https://govahi186.tax.gov.ir"
JavaScript error: resource://gre/modules/LoginManagerParent.jsm, line 136: TypeError: gRecipeManager is null
console.warn: LoginRecipes: "getRecipes: falling back to a synchronous message for:" "https://govahi186.tax.gov.ir"
JavaScript error: resource://gre/modules/LoginManagerParent.jsm, line 136: TypeError: gRecipeManager is null
console.warn: LoginRecipes: "getRecipes: falling back to a synchronous message for:" "https://govahi186.tax.gov.ir"
JavaScript error: resource://gre/modules/LoginManagerParent.jsm, line 136: TypeError: gRecipeManager is null
console.warn: LoginRecipes: "getRecipes: falling back to a synchronous message for:" "https://govahi186.tax.gov.ir"
JavaScript error: resource://gre/modules/LoginManagerParent.jsm, line 136: TypeError: gRecipeManager is null
console.warn: LoginRecipes: "getRecipes: falling back to a synchronous message for:" "https://govahi186.tax.gov.ir"
JavaScript error: resource://gre/modules/LoginManagerParent.jsm, line 136: TypeError: gRecipeManager is null
console.warn: LoginRecipes: "getRecipes: falling back to a synchronous message for:" "https://govahi186.tax.gov.ir"
JavaScript error: resource://gre/modules/LoginManagerParent.jsm, line 136: TypeError: gRecipeManager is null
console.warn: LoginRecipes: "getRecipes: falling back to a synchronous message for:" "https://govahi186.tax.gov.ir"
JavaScript error: resource://gre/modules/LoginManagerParent.jsm, line 136: TypeError: gRecipeManager is null
console.warn: LoginRecipes: "getRecipes: falling back to a synchronous message for:" "https://govahi186.tax.gov.ir"
JavaScript error: resource://gre/modules/LoginManagerParent.jsm, line 136: TypeError: gRecipeManager is null
console.warn: LoginRecipes: "getRecipes: falling back to a synchronous message for:" "https://govahi186.tax.gov.ir"
JavaScript error: resource://gre/modules/LoginManagerParent.jsm, line 136: TypeError: gRecipeManager is null
console.warn: LoginRecipes: "getRecipes: falling back to a synchronous message for:" "https://govahi186.tax.gov.ir"
JavaScript error: resource://gre/modules/LoginManagerParent.jsm, line 136: TypeError: gRecipeManager is null
console.warn: LoginRecipes: "getRecipes: falling back to a synchronous message for:" "https://govahi186.tax.gov.ir"
JavaScript error: resource://gre/modules/LoginManagerParent.jsm, line 136: TypeError: gRecipeManager is null
console.warn: LoginRecipes: "getRecipes: falling back to a synchronous message for:" "https://govahi186.tax.gov.ir"
JavaScript error: resource://gre/modules/LoginManagerParent.jsm, line 136: TypeError: gRecipeManager is null
console.warn: LoginRecipes: "getRecipes: falling back to a synchronous message for:" "https://govahi186.tax.gov.ir"
JavaScript error: resource://gre/modules/LoginManagerParent.jsm, line 136: TypeError: gRecipeManager is null
console.warn: LoginRecipes: "getRecipes: falling back to a synchronous message for:" "https://govahi186.tax.gov.ir"
JavaScript error: resource://gre/modules/LoginManagerParent.jsm, line 136: TypeError: gRecipeManager is null
console.warn: LoginRecipes: "getRecipes: falling back to a synchronous message for:" "https://govahi186.tax.gov.ir"
JavaScript error: resource://gre/modules/LoginManagerParent.jsm, line 136: TypeError: gRecipeManager is null
console.warn: LoginRecipes: "getRecipes: falling back to a synchronous message for:" "https://govahi186.tax.gov.ir"
JavaScript error: resource://gre/modules/LoginManagerParent.jsm, line 136: TypeError: gRecipeManager is null
console.warn: LoginRecipes: "getRecipes: falling back to a synchronous message for:" "https://govahi186.tax.gov.ir"
JavaScript error: resource://gre/modules/LoginManagerParent.jsm, line 136: TypeError: gRecipeManager is null
console.warn: LoginRecipes: "getRecipes: falling back to a synchronous message for:" "https://govahi186.tax.gov.ir"
JavaScript error: resource://gre/modules/LoginManagerParent.jsm, line 136: TypeError: gRecipeManager is null
console.warn: LoginRecipes: "getRecipes: falling back to a synchronous message for:" "https://govahi186.tax.gov.ir"
JavaScript error: resource://gre/modules/LoginManagerParent.jsm, line 136: TypeError: gRecipeManager is null
console.warn: LoginRecipes: "getRecipes: falling back to a synchronous message for:" "https://govahi186.tax.gov.ir"
JavaScript error: resource://gre/modules/LoginManagerParent.jsm, line 136: TypeError: gRecipeManager is null
console.warn: LoginRecipes: "getRecipes: falling back to a synchronous message for:" "https://govahi186.tax.gov.ir"
JavaScript error: resource://gre/modules/LoginManagerParent.jsm, line 136: TypeError: gRecipeManager is null
console.warn: LoginRecipes: "getRecipes: falling back to a synchronous message for:" "https://govahi186.tax.gov.ir"
JavaScript error: resource://gre/modules/LoginManagerParent.jsm, line 136: TypeError: gRecipeManager is null
console.warn: LoginRecipes: "getRecipes: falling back to a synchronous message for:" "https://govahi186.tax.gov.ir"
JavaScript error: resource://gre/modules/LoginManagerParent.jsm, line 136: TypeError: gRecipeManager is null
console.warn: LoginRecipes: "getRecipes: falling back to a synchronous message for:" "https://govahi186.tax.gov.ir"
JavaScript error: resource://gre/modules/LoginManagerParent.jsm, line 136: TypeError: gRecipeManager is null
console.warn: LoginRecipes: "getRecipes: falling back to a synchronous message for:" "https://govahi186.tax.gov.ir"
JavaScript error: resource://gre/modules/LoginManagerParent.jsm, line 136: TypeError: gRecipeManager is null
console.warn: LoginRecipes: "getRecipes: falling back to a synchronous message for:" "https://govahi186.tax.gov.ir"
JavaScript error: resource://gre/modules/LoginManagerParent.jsm, line 136: TypeError: gRecipeManager is null
console.warn: LoginRecipes: "getRecipes: falling back to a synchronous message for:" "https://govahi186.tax.gov.ir"
JavaScript error: resource://gre/modules/LoginManagerParent.jsm, line 136: TypeError: gRecipeManager is null
console.warn: LoginRecipes: "getRecipes: falling back to a synchronous message for:" "https://govahi186.tax.gov.ir"
JavaScript error: resource://gre/modules/LoginManagerParent.jsm, line 136: TypeError: gRecipeManager is null
console.warn: LoginRecipes: "getRecipes: falling back to a synchronous message for:" "https://govahi186.tax.gov.ir"
JavaScript error: resource://gre/modules/LoginManagerParent.jsm, line 136: TypeError: gRecipeManager is null
console.warn: LoginRecipes: "getRecipes: falling back to a synchronous message for:" "https://govahi186.tax.gov.ir"
JavaScript error: resource://gre/modules/LoginManagerParent.jsm, line 136: TypeError: gRecipeManager is null
console.warn: LoginRecipes: "getRecipes: falling back to a synchronous message for:" "https://govahi186.tax.gov.ir"
JavaScript error: resource://gre/modules/LoginManagerParent.jsm, line 136: TypeError: gRecipeManager is null
console.warn: LoginRecipes: "getRecipes: falling back to a synchronous message for:" "https://govahi186.tax.gov.ir"
JavaScript error: resource://gre/modules/LoginManagerParent.jsm, line 136: TypeError: gRecipeManager is null
console.warn: LoginRecipes: "getRecipes: falling back to a synchronous message for:" "https://govahi186.tax.gov.ir"
JavaScript error: resource://gre/modules/LoginManagerParent.jsm, line 136: TypeError: gRecipeManager is null
console.warn: LoginRecipes: "getRecipes: falling back to a synchronous message for:" "https://govahi186.tax.gov.ir"
JavaScript error: resource://gre/modules/LoginManagerParent.jsm, line 136: TypeError: gRecipeManager is null
console.warn: LoginRecipes: "getRecipes: falling back to a synchronous message for:" "https://govahi186.tax.gov.ir"
JavaScript error: resource://gre/modules/LoginManagerParent.jsm, line 136: TypeError: gRecipeManager is null
console.warn: LoginRecipes: "getRecipes: falling back to a synchronous message for:" "https://govahi186.tax.gov.ir"
JavaScript error: resource://gre/modules/LoginManagerParent.jsm, line 136: TypeError: gRecipeManager is null
console.warn: LoginRecipes: "getRecipes: falling back to a synchronous message for:" "https://govahi186.tax.gov.ir"
JavaScript error: resource://gre/modules/LoginManagerParent.jsm, line 136: TypeError: gRecipeManager is null
console.warn: LoginRecipes: "getRecipes: falling back to a synchronous message for:" "https://govahi186.tax.gov.ir"
JavaScript error: resource://gre/modules/LoginManagerParent.jsm, line 136: TypeError: gRecipeManager is null
console.warn: LoginRecipes: "getRecipes: falling back to a synchronous message for:" "https://govahi186.tax.gov.ir"
JavaScript error: resource://gre/modules/LoginManagerParent.jsm, line 136: TypeError: gRecipeManager is null
console.warn: LoginRecipes: "getRecipes: falling back to a synchronous message for:" "https://govahi186.tax.gov.ir"
JavaScript error: resource://gre/modules/LoginManagerParent.jsm, line 136: TypeError: gRecipeManager is null
console.warn: LoginRecipes: "getRecipes: falling back to a synchronous message for:" "https://govahi186.tax.gov.ir"
JavaScript error: resource://gre/modules/LoginManagerParent.jsm, line 136: TypeError: gRecipeManager is null
console.warn: LoginRecipes: "getRecipes: falling back to a synchronous message for:" "https://govahi186.tax.gov.ir"
JavaScript error: resource://gre/modules/LoginManagerParent.jsm, line 136: TypeError: gRecipeManager is null
console.warn: LoginRecipes: "getRecipes: falling back to a synchronous message for:" "https://govahi186.tax.gov.ir"
JavaScript error: resource://gre/modules/LoginManagerParent.jsm, line 136: TypeError: gRecipeManager is null
console.warn: LoginRecipes: "getRecipes: falling back to a synchronous message for:" "https://govahi186.tax.gov.ir"
JavaScript error: resource://gre/modules/LoginManagerParent.jsm, line 136: TypeError: gRecipeManager is null
console.warn: LoginRecipes: "getRecipes: falling back to a synchronous message for:" "https://govahi186.tax.gov.ir"
JavaScript error: resource://gre/modules/LoginManagerParent.jsm, line 136: TypeError: gRecipeManager is null
console.warn: LoginRecipes: "getRecipes: falling back to a synchronous message for:" "https://govahi186.tax.gov.ir"
JavaScript error: resource://gre/modules/LoginManagerParent.jsm, line 136: TypeError: gRecipeManager is null
console.warn: LoginRecipes: "getRecipes: falling back to a synchronous message for:" "https://govahi186.tax.gov.ir"
JavaScript error: resource://gre/modules/LoginManagerParent.jsm, line 136: TypeError: gRecipeManager is null
console.warn: LoginRecipes: "getRecipes: falling back to a synchronous message for:" "https://govahi186.tax.gov.ir"
JavaScript error: resource://gre/modules/LoginManagerParent.jsm, line 136: TypeError: gRecipeManager is null
console.warn: LoginRecipes: "getRecipes: falling back to a synchronous message for:" "https://govahi186.tax.gov.ir"
JavaScript error: resource://gre/modules/LoginManagerParent.jsm, line 136: TypeError: gRecipeManager is null
1657204627880	Marionette	INFO	Stopped listening on port 12451
1657422074121	geckodriver	INFO	Listening on 127.0.0.1:8949
1657422077234	mozrunner::runner	INFO	Running command: "C:\\Program Files\\Mozilla Firefox\\firefox.exe" "--marionette" "--remote-debugging-port" "8952" "-no-remote" "-profile" "C:\\Users\\Msi\\AppData\\Local\\Temp\\rust_mozprofilerx8fGT"
1657422078176	Marionette	INFO	Marionette enabled
1657422078183	Marionette	INFO	Listening on port 8976
WebDriver BiDi listening on ws://localhost:8953
1657422078438	RemoteAgent	WARN	TLS certificate errors will be ignored for this session
console.warn: SearchSettings: "get: No settings file exists, new profile?" (new NotFoundError("Could not open the file at C:\\Users\\Msi\\AppData\\Local\\Temp\\rust_mozprofileosfCYh\\search.json.mozlz4", (void 0)))
DevTools listening on ws://localhost:8953/devtools/browser/a1239d7b-8b05-4715-8c44-87ff2dd03d40
console.warn: LoginRecipes: "getRecipes: falling back to a synchronous message for:" "https://govahi186.tax.gov.ir"
console.warn: LoginRecipes: "getRecipes: falling back to a synchronous message for:" "https://govahi186.tax.gov.ir"
JavaScript error: resource://gre/modules/LoginManagerParent.jsm, line 136: TypeError: gRecipeManager is null
1657422171926	Marionette	INFO	Stopped listening on port 8978
console.warn: TopSitesFeed: Failed to fetch data from Contile server: NetworkError when attempting to fetch resource.
1657422191860	geckodriver	INFO	Listening on 127.0.0.1:9304
1657422194930	mozrunner::runner	INFO	Running command: "C:\\Program Files\\Mozilla Firefox\\firefox.exe" "--marionette" "--remote-debugging-port" "9308" "-no-remote" "-profile" "C:\\Users\\Msi\\AppData\\Local\\Temp\\rust_mozprofileYOWEue"
1657422195669	Marionette	INFO	Marionette enabled
1657422195674	Marionette	INFO	Listening on port 9329
WebDriver BiDi listening on ws://localhost:9311
1657422196071	RemoteAgent	WARN	TLS certificate errors will be ignored for this session
console.warn: SearchSettings: "get: No settings file exists, new profile?" (new NotFoundError("Could not open the file at C:\\Users\\Msi\\AppData\\Local\\Temp\\rust_mozprofileSu1iJT\\search.json.mozlz4", (void 0)))
DevTools listening on ws://localhost:9309/devtools/browser/d52752c7-502c-499b-a486-a60ce05d84ed
console.warn: LoginRecipes: "getRecipes: falling back to a synchronous message for:" "https://govahi186.tax.gov.ir"
console.warn: LoginRecipes: "getRecipes: falling back to a synchronous message for:" "https://govahi186.tax.gov.ir"
JavaScript error: resource://gre/modules/LoginManagerParent.jsm, line 136: TypeError: gRecipeManager is null
1657422485881	Marionette	INFO	Stopped listening on port 9331
console.warn: TopSitesFeed: Failed to fetch data from Contile server: NetworkError when attempting to fetch resource.
 line 136: TypeError: gRecipeManager is null
console.warn: LoginRecipes: "getRecipes: falling back to a synchronous message for:" "https://govahi186.tax.gov.ir"
JavaScript error: resource://gre/modules/LoginManagerParent.jsm, line 136: TypeError: gRecipeManager is null
1657422484569	Marionette	INFO	Stopped listening on port 9330
console.warn: TopSitesFeed: Failed to fetch data from Contile server: NetworkError when attempting to fetch resource.
1657422930245	geckodriver	INFO	Listening on 127.0.0.1:13697
1657422933326	mozrunner::runner	INFO	Running command: "C:\\Program Files\\Mozilla Firefox\\firefox.exe" "--marionette" "--remote-debugging-port" "13698" "-no-remote" "-profile" "C:\\Users\\Msi\\AppData\\Local\\Temp\\rust_mozprofileCVbcKR"
1657422933598	Marionette	INFO	Marionette enabled
1657422933601	Marionette	INFO	Listening on port 13707
WebDriver BiDi listening on ws://localhost:13698
1657422933968	RemoteAgent	WARN	TLS certificate errors will be ignored for this session
console.warn: SearchSettings: "get: No settings file exists, new profile?" (new NotFoundError("Could not open the file at C:\\Users\\Msi\\AppData\\Local\\Temp\\rust_mozprofileCVbcKR\\search.json.mozlz4", (void 0)))
DevTools listening on ws://localhost:13698/devtools/browser/fc1bc879-7b1e-4136-ac24-cd40db8d7ee0
console.warn: LoginRecipes: "getRecipes: falling back to a synchronous message for:" "https://govahi186.tax.gov.ir"
console.warn: LoginRecipes: "getRecipes: falling back to a synchronous message for:" "https://govahi186.tax.gov.ir"
JavaScript error: resource://gre/modules/LoginManagerParent.jsm, line 136: TypeError: gRecipeManager is null
console.warn: LoginRecipes: "getRecipes: falling back to a synchronous message for:" "https://govahi186.tax.gov.ir"
JavaScript error: resource://gre/modules/LoginManagerParent.jsm, line 136: TypeError: gRecipeManager is null
console.warn: LoginRecipes: "getRecipes: falling back to a synchronous message for:" "https://govahi186.tax.gov.ir"
JavaScript error: resource://gre/modules/LoginManagerParent.jsm, line 136: TypeError: gRecipeManager is null
console.warn: LoginRecipes: "getRecipes: falling back to a synchronous message for:" "https://govahi186.tax.gov.ir"
JavaScript error: resource://gre/modules/LoginManagerParent.jsm, line 136: TypeError: gRecipeManager is null
console.warn: LoginRecipes: "getRecipes: falling back to a synchronous message for:" "https://govahi186.tax.gov.ir"
JavaScript error: resource://gre/modules/LoginManagerParent.jsm, line 136: TypeError: gRecipeManager is null
console.warn: LoginRecipes: "getRecipes: falling back to a synchronous message for:" "https://govahi186.tax.gov.ir"
JavaScript error: resource://gre/modules/LoginManagerParent.jsm, line 136: TypeError: gRecipeManager is null
console.warn: LoginRecipes: "getRecipes: falling back to a synchronous message for:" "https://govahi186.tax.gov.ir"
JavaScript error: resource://gre/modules/LoginManagerParent.jsm, line 136: TypeError: gRecipeManager is null
1657423068100	Marionette	INFO	Stopped listening on port 13707
console.warn: TopSitesFeed: Failed to fetch data from Contile server: NetworkError when attempting to fetch resource.
1657423495992	geckodriver	INFO	Listening on 127.0.0.1:9463
1657423499054	mozrunner::runner	INFO	Running command: "C:\\Program Files\\Mozilla Firefox\\firefox.exe" "--marionette" "--remote-debugging-port" "9464" "-no-remote" "-profile" "C:\\Users\\Msi\\AppData\\Local\\Temp\\rust_mozprofileM4ml00"
1657423499307	Marionette	INFO	Marionette enabled
1657423499310	Marionette	INFO	Listening on port 9472
WebDriver BiDi listening on ws://localhost:9464
1657423499602	RemoteAgent	WARN	TLS certificate errors will be ignored for this session
console.warn: SearchSettings: "get: No settings file exists, new profile?" (new NotFoundError("Could not open the file at C:\\Users\\Msi\\AppData\\Local\\Temp\\rust_mozprofileM4ml00\\search.json.mozlz4", (void 0)))
DevTools listening on ws://localhost:9464/devtools/browser/0cf43669-3474-419a-96f2-d4644359ff3c
console.warn: LoginRecipes: "getRecipes: falling back to a synchronous message for:" "https://govahi186.tax.gov.ir"
console.warn: LoginRecipes: "getRecipes: falling back to a synchronous message for:" "https://govahi186.tax.gov.ir"
JavaScript error: resource://gre/modules/LoginManagerParent.jsm, line 136: TypeError: gRecipeManager is null
console.warn: LoginRecipes: "getRecipes: falling back to a synchronous message for:" "https://govahi186.tax.gov.ir"
JavaScript error: resource://gre/modules/LoginManagerParent.jsm, line 136: TypeError: gRecipeManager is null
console.warn: LoginRecipes: "getRecipes: falling back to a synchronous message for:" "https://govahi186.tax.gov.ir"
JavaScript error: resource://gre/modules/LoginManagerParent.jsm, line 136: TypeError: gRecipeManager is null
console.warn: LoginRecipes: "getRecipes: falling back to a synchronous message for:" "https://govahi186.tax.gov.ir"
JavaScript error: resource://gre/modules/LoginManagerParent.jsm, line 136: TypeError: gRecipeManager is null
console.warn: LoginRecipes: "getRecipes: falling back to a synchronous message for:" "https://govahi186.tax.gov.ir"
JavaScript error: resource://gre/modules/LoginManagerParent.jsm, line 136: TypeError: gRecipeManager is null
1657423612339	Marionette	INFO	Stopped listening on port 9472
console.warn: TopSitesFeed: Failed to fetch data from Contile server: NetworkError when attempting to fetch resource.
1657424920399	geckodriver	INFO	Listening on 127.0.0.1:3211
1657424923434	mozrunner::runner	INFO	Running command: "C:\\Program Files\\Mozilla Firefox\\firefox.exe" "--marionette" "--remote-debugging-port" "3212" "-no-remote" "-profile" "C:\\Users\\Msi\\AppData\\Local\\Temp\\rust_mozprofileOlCPyf"
1657424923757	Marionette	INFO	Marionette enabled
1657424923761	Marionette	INFO	Listening on port 9730
WebDriver BiDi listening on ws://localhost:3212
1657424923997	RemoteAgent	WARN	TLS certificate errors will be ignored for this session
console.warn: SearchSettings: "get: No settings file exists, new profile?" (new NotFoundError("Could not open the file at C:\\Users\\Msi\\AppData\\Local\\Temp\\rust_mozprofileOlCPyf\\search.json.mozlz4", (void 0)))
DevTools listening on ws://localhost:3212/devtools/browser/3ee661bc-8c86-4be8-b1a0-ea3ebed6b64c
console.warn: LoginRecipes: "getRecipes: falling back to a synchronous message for:" "https://govahi186.tax.gov.ir"
console.warn: LoginRecipes: "getRecipes: falling back to a synchronous message for:" "https://govahi186.tax.gov.ir"
JavaScript error: resource://gre/modules/LoginManagerParent.jsm, line 136: TypeError: gRecipeManager is null
console.warn: LoginRecipes: "getRecipes: falling back to a synchronous message for:" "https://govahi186.tax.gov.ir"
JavaScript error: resource://gre/modules/LoginManagerParent.jsm, line 136: TypeError: gRecipeManager is null
console.warn: LoginRecipes: "getRecipes: falling back to a synchronous message for:" "https://govahi186.tax.gov.ir"
JavaScript error: resource://gre/modules/LoginManagerParent.jsm, line 136: TypeError: gRecipeManager is null
console.warn: LoginRecipes: "getRecipes: falling back to a synchronous message for:" "https://govahi186.tax.gov.ir"
JavaScript error: resource://gre/modules/LoginManagerParent.jsm, line 136: TypeError: gRecipeManager is null
console.warn: LoginRecipes: "getRecipes: falling back to a synchronous message for:" "https://govahi186.tax.gov.ir"
JavaScript error: resource://gre/modules/LoginManagerParent.jsm, line 136: TypeError: gRecipeManager is null
console.warn: LoginRecipes: "getRecipes: falling back to a synchronous message for:" "https://govahi186.tax.gov.ir"
JavaScript error: resource://gre/modules/LoginManagerParent.jsm, line 136: TypeError: gRecipeManager is null
console.warn: LoginRecipes: "getRecipes: falling back to a synchronous message for:" "https://govahi186.tax.gov.ir"
JavaScript error: resource://gre/modules/LoginManagerParent.jsm, line 136: TypeError: gRecipeManager is null
console.warn: LoginRecipes: "getRecipes: falling back to a synchronous message for:" "https://govahi186.tax.gov.ir"
JavaScript error: resource://gre/modules/LoginManagerParent.jsm, line 136: TypeError: gRecipeManager is null
console.warn: LoginRecipes: "getRecipes: falling back to a synchronous message for:" "https://govahi186.tax.gov.ir"
JavaScript error: resource://gre/modules/LoginManagerParent.jsm, line 136: TypeError: gRecipeManager is null
console.warn: LoginRecipes: "getRecipes: falling back to a synchronous message for:" "https://govahi186.tax.gov.ir"
JavaScript error: resource://gre/modules/LoginManagerParent.jsm, line 136: TypeError: gRecipeManager is null
console.warn: LoginRecipes: "getRecipes: falling back to a synchronous message for:" "https://govahi186.tax.gov.ir"
JavaScript error: resource://gre/modules/LoginManagerParent.jsm, line 136: TypeError: gRecipeManager is null
console.warn: LoginRecipes: "getRecipes: falling back to a synchronous message for:" "https://govahi186.tax.gov.ir"
JavaScript error: resource://gre/modules/LoginManagerParent.jsm, line 136: TypeError: gRecipeManager is null
console.warn: LoginRecipes: "getRecipes: falling back to a synchronous message for:" "https://govahi186.tax.gov.ir"
JavaScript error: resource://gre/modules/LoginManagerParent.jsm, line 136: TypeError: gRecipeManager is null
console.warn: LoginRecipes: "getRecipes: falling back to a synchronous message for:" "https://govahi186.tax.gov.ir"
JavaScript error: resource://gre/modules/LoginManagerParent.jsm, line 136: TypeError: gRecipeManager is null
console.warn: LoginRecipes: "getRecipes: falling back to a synchronous message for:" "https://govahi186.tax.gov.ir"
JavaScript error: resource://gre/modules/LoginManagerParent.jsm, line 136: TypeError: gRecipeManager is null
1657425255958	Marionette	INFO	Stopped listening on port 9730
1659367274556	geckodriver	INFO	Listening on 127.0.0.1:10934
1659367277674	mozrunner::runner	INFO	Running command: "C:\\Program Files\\Mozilla Firefox\\firefox.exe" "--marionette" "--remote-debugging-port" "10935" "-no-remote" "-profile" "C:\\Users\\Msi\\AppData\\Local\\Temp\\rust_mozprofile37UZeY"
1659367281444	Marionette	INFO	Marionette enabled
1659367281460	Marionette	INFO	Listening on port 10942
WebDriver BiDi listening on ws://localhost:10935
1659367282147	RemoteAgent	WARN	TLS certificate errors will be ignored for this session
console.warn: SearchSettings: "get: No settings file exists, new profile?" (new NotFoundError("Could not open the file at C:\\Users\\Msi\\AppData\\Local\\Temp\\rust_mozprofile37UZeY\\search.json.mozlz4", (void 0)))
DevTools listening on ws://localhost:10935/devtools/browser/4c4cdf79-ee24-4bc5-aa77-f182db8b9883
1659367284610	Marionette	INFO	Stopped listening on port 10942
console.warn: TopSitesFeed: Failed to fetch data from Contile server: NetworkError when attempting to fetch resource.
1659367284693	geckodriver	INFO	Listening on 127.0.0.1:10962
1659367287736	mozrunner::runner	INFO	Running command: "C:\\Program Files\\Mozilla Firefox\\firefox.exe" "--marionette" "--remote-debugging-port" "10963" "-no-remote" "-profile" "C:\\Users\\Msi\\AppData\\Local\\Temp\\rust_mozprofileHfgIQ2"
1659367288371	Marionette	INFO	Marionette enabled
1659367288374	Marionette	INFO	Listening on port 10970
WebDriver BiDi listening on ws://localhost:10963
1659367288780	RemoteAgent	WARN	TLS certificate errors will be ignored for this session
console.warn: SearchSettings: "get: No settings file exists, new profile?" (new NotFoundError("Could not open the file at C:\\Users\\Msi\\AppData\\Local\\Temp\\rust_mozprofileHfgIQ2\\search.json.mozlz4", (void 0)))
DevTools listening on ws://localhost:10963/devtools/browser/7ec71bf7-aa0c-4664-a7c1-80eb7d84ba9d
1659367290601	Marionette	INFO	Stopped listening on port 10970
console.warn: TopSitesFeed: Failed to fetch data from Contile server: NetworkError when attempting to fetch resource.
console.error: services.settings: 
  main/query-stripping Signature failed  TypeError: NetworkError: Network request failed
1659367290701	geckodriver	INFO	Listening on 127.0.0.1:10991
1659367293775	mozrunner::runner	INFO	Running command: "C:\\Program Files\\Mozilla Firefox\\firefox.exe" "--marionette" "--remote-debugging-port" "10992" "-no-remote" "-profile" "C:\\Users\\Msi\\AppData\\Local\\Temp\\rust_mozprofileQ1K6Yy"
1659367294410	Marionette	INFO	Marionette enabled
1659367294413	Marionette	INFO	Listening on port 11000
WebDriver BiDi listening on ws://localhost:10992
1659367294814	RemoteAgent	WARN	TLS certificate errors will be ignored for this session
console.warn: SearchSettings: "get: No settings file exists, new profile?" (new NotFoundError("Could not open the file at C:\\Users\\Msi\\AppData\\Local\\Temp\\rust_mozprofileQ1K6Yy\\search.json.mozlz4", (void 0)))
DevTools listening on ws://localhost:10992/devtools/browser/e9ffa78a-7079-486e-8a3e-0190cd5ad5b1
1659367299187	Marionette	INFO	Stopped listening on port 11000
console.warn: TopSitesFeed: Failed to fetch data from Contile server: NetworkError when attempting to fetch resource.
1659467140810	geckodriver	INFO	Listening on 127.0.0.1:9445
1659467144037	mozrunner::runner	INFO	Running command: "C:\\Program Files\\Mozilla Firefox\\firefox.exe" "--marionette" "--remote-debugging-port" "9446" "-no-remote" "-profile" "C:\\Users\\Msi\\AppData\\Local\\Temp\\rust_mozprofileSnaVbK"
1659467146226	geckodriver	INFO	Listening on 127.0.0.1:9457
1659467149266	mozrunner::runner	INFO	Running command: "C:\\Program Files\\Mozilla Firefox\\firefox.exe" "--marionette" "--remote-debugging-port" "9458" "-no-remote" "-profile" "C:\\Users\\Msi\\AppData\\Local\\Temp\\rust_mozprofile9j7Vqx"
1659467151011	Marionette	INFO	Marionette enabled
1659467151014	Marionette	INFO	Listening on port 9465
WebDriver BiDi listening on ws://localhost:9458
1659467151605	RemoteAgent	WARN	TLS certificate errors will be ignored for this session
console.warn: SearchSettings: "get: No settings file exists, new profile?" (new NotFoundError("Could not open the file at C:\\Users\\Msi\\AppData\\Local\\Temp\\rust_mozprofile9j7Vqx\\search.json.mozlz4", (void 0)))
DevTools listening on ws://localhost:9458/devtools/browser/eece1989-4bf5-4b8a-b04b-c7725adeec8c
1659467157306	Marionette	INFO	Stopped listening on port 9465
console.warn: TopSitesFeed: Failed to fetch data from Contile server: NetworkError when attempting to fetch resource.
1659467165782	geckodriver	INFO	Listening on 127.0.0.1:9517
1659467168851	mozrunner::runner	INFO	Running command: "C:\\Program Files\\Mozilla Firefox\\firefox.exe" "--marionette" "--remote-debugging-port" "9518" "-no-remote" "-profile" "C:\\Users\\Msi\\AppData\\Local\\Temp\\rust_mozprofileXqvWIN"
1659467169331	Marionette	INFO	Marionette enabled
1659467169335	Marionette	INFO	Listening on port 9526
WebDriver BiDi listening on ws://localhost:9518
1659467169467	RemoteAgent	WARN	TLS certificate errors will be ignored for this session
console.warn: SearchSettings: "get: No settings file exists, new profile?" (new NotFoundError("Could not open the file at C:\\Users\\Msi\\AppData\\Local\\Temp\\rust_mozprofileXqvWIN\\search.json.mozlz4", (void 0)))
DevTools listening on ws://localhost:9518/devtools/browser/ba964522-754c-4134-810b-04f94b7e5469
1659467184112	Marionette	INFO	Stopped listening on port 9526
console.warn: TopSitesFeed: Failed to fetch data from Contile server: NetworkError when attempting to fetch resource.
1659467452114	geckodriver	INFO	Listening on 127.0.0.1:4111
1659467455171	mozrunner::runner	INFO	Running command: "C:\\Program Files\\Mozilla Firefox\\firefox.exe" "--marionette" "--remote-debugging-port" "4112" "-no-remote" "-profile" "C:\\Users\\Msi\\AppData\\Local\\Temp\\rust_mozprofileiRDsDv"
1659467455464	Marionette	INFO	Marionette enabled
1659467455467	Marionette	INFO	Listening on port 4120
WebDriver BiDi listening on ws://localhost:4112
1659467455699	RemoteAgent	WARN	TLS certificate errors will be ignored for this session
console.warn: SearchSettings: "get: No settings file exists, new profile?" (new NotFoundError("Could not open the file at C:\\Users\\Msi\\AppData\\Local\\Temp\\rust_mozprofileiRDsDv\\search.json.mozlz4", (void 0)))
DevTools listening on ws://localhost:4112/devtools/browser/14ce9650-ab0f-4271-8384-7a63d8ff5cce
1659467482850	Marionette	INFO	Stopped listening on port 4120
console.warn: TopSitesFeed: Failed to fetch data from Contile server: NetworkError when attempting to fetch resource.
remote-debugging-port" "4135" "-no-remote" "-profile" "C:\\Users\\Msi\\AppData\\Local\\Temp\\rust_mozprofileRVhwoK"
1659467460257	Marionette	INFO	Marionette enabled
1659467460261	Marionette	INFO	Listening on port 4149
WebDriver BiDi listening on ws://localhost:4135
1659467460500	RemoteAgent	WARN	TLS certificate errors will be ignored for this session
console.warn: SearchSettings: "get: No settings file exists, new profile?" (new NotFoundError("Could not open the file at C:\\Users\\Msi\\AppData\\Local\\Temp\\rust_mozprofileRVhwoK\\search.json.mozlz4", (void 0)))
DevTools listening on ws://localhost:4135/devtools/browser/e650efc3-e99d-458a-91fe-453e9cc17a53
1659467483964	Marionette	INFO	Stopped listening on port 4149
console.warn: TopSitesFeed: Failed to fetch data from Contile server: NetworkError when attempting to fetch resource.
remote-debugging-port" "4165" "-no-remote" "-profile" "C:\\Users\\Msi\\AppData\\Local\\Temp\\rust_mozprofile4RJcFE"
1659467464928	Marionette	INFO	Marionette enabled
1659467464931	Marionette	INFO	Listening on port 4180
WebDriver BiDi listening on ws://localhost:4165
1659467465535	RemoteAgent	WARN	TLS certificate errors will be ignored for this session
console.warn: SearchSettings: "get: No settings file exists, new profile?" (new NotFoundError("Could not open the file at C:\\Users\\Msi\\AppData\\Local\\Temp\\rust_mozprofile4RJcFE\\search.json.mozlz4", (void 0)))
DevTools listening on ws://localhost:4165/devtools/browser/faf98370-3379-4742-b0d2-42982076c894
1659467484899	Marionette	INFO	Stopped listening on port 4180
console.warn: TopSitesFeed: Failed to fetch data from Contile server: NetworkError when attempting to fetch resource.
1659468232806	geckodriver	INFO	Listening on 127.0.0.1:13634
1659468235853	mozrunner::runner	INFO	Running command: "C:\\Program Files\\Mozilla Firefox\\firefox.exe" "--marionette" "--remote-debugging-port" "13635" "-no-remote" "-profile" "C:\\Users\\Msi\\AppData\\Local\\Temp\\rust_mozprofilepj5ZQe"
1659468236440	Marionette	INFO	Marionette enabled
1659468236443	Marionette	INFO	Listening on port 13642
WebDriver BiDi listening on ws://localhost:13635
1659468236884	RemoteAgent	WARN	TLS certificate errors will be ignored for this session
console.warn: SearchSettings: "get: No settings file exists, new profile?" (new NotFoundError("Could not open the file at C:\\Users\\Msi\\AppData\\Local\\Temp\\rust_mozprofilepj5ZQe\\search.json.mozlz4", (void 0)))
DevTools listening on ws://localhost:13635/devtools/browser/7e9781c5-f8e7-4ef9-8b2b-731b7511f5d9
1659468260406	Marionette	INFO	Stopped listening on port 13642
console.warn: TopSitesFeed: Failed to fetch data from Contile server: NetworkError when attempting to fetch resource.
1659468277285	geckodriver	INFO	Listening on 127.0.0.1:13699
1659468280358	mozrunner::runner	INFO	Running command: "C:\\Program Files\\Mozilla Firefox\\firefox.exe" "--marionette" "--remote-debugging-port" "13700" "-no-remote" "-profile" "C:\\Users\\Msi\\AppData\\Local\\Temp\\rust_mozprofileST3hjS"
1659468280639	Marionette	INFO	Marionette enabled
1659468280642	Marionette	INFO	Listening on port 13708
WebDriver BiDi listening on ws://localhost:13700
1659468280908	RemoteAgent	WARN	TLS certificate errors will be ignored for this session
console.warn: SearchSettings: "get: No settings file exists, new profile?" (new NotFoundError("Could not open the file at C:\\Users\\Msi\\AppData\\Local\\Temp\\rust_mozprofileST3hjS\\search.json.mozlz4", (void 0)))
DevTools listening on ws://localhost:13700/devtools/browser/287b1183-bf7e-49e7-92f8-c66324c7b914
1659468306163	Marionette	INFO	Stopped listening on port 13708
console.warn: TopSitesFeed: Failed to fetch data from Contile server: NetworkError when attempting to fetch resource.
1659468367962	geckodriver	INFO	Listening on 127.0.0.1:13798
1659468371027	mozrunner::runner	INFO	Running command: "C:\\Program Files\\Mozilla Firefox\\firefox.exe" "--marionette" "--remote-debugging-port" "13799" "-no-remote" "-profile" "C:\\Users\\Msi\\AppData\\Local\\Temp\\rust_mozprofileiEqO9O"
1659468371287	Marionette	INFO	Marionette enabled
1659468371291	Marionette	INFO	Listening on port 13807
WebDriver BiDi listening on ws://localhost:13799
1659468371649	RemoteAgent	WARN	TLS certificate errors will be ignored for this session
console.warn: SearchSettings: "get: No settings file exists, new profile?" (new NotFoundError("Could not open the file at C:\\Users\\Msi\\AppData\\Local\\Temp\\rust_mozprofileiEqO9O\\search.json.mozlz4", (void 0)))
DevTools listening on ws://localhost:13799/devtools/browser/5058acaf-301b-4e99-9112-0d8fd97a975c
1659468399290	Marionette	INFO	Stopped listening on port 13807
console.warn: TopSitesFeed: Failed to fetch data from Contile server: NetworkError when attempting to fetch resource.
1659468443899	geckodriver	INFO	Listening on 127.0.0.1:3983
1659468446928	mozrunner::runner	INFO	Running command: "C:\\Program Files\\Mozilla Firefox\\firefox.exe" "--marionette" "--remote-debugging-port" "3984" "-no-remote" "-profile" "C:\\Users\\Msi\\AppData\\Local\\Temp\\rust_mozprofileVN1Lfa"
1659468447182	Marionette	INFO	Marionette enabled
1659468447186	Marionette	INFO	Listening on port 3991
WebDriver BiDi listening on ws://localhost:3984
1659468447543	RemoteAgent	WARN	TLS certificate errors will be ignored for this session
console.warn: SearchSettings: "get: No settings file exists, new profile?" (new NotFoundError("Could not open the file at C:\\Users\\Msi\\AppData\\Local\\Temp\\rust_mozprofileVN1Lfa\\search.json.mozlz4", (void 0)))
DevTools listening on ws://localhost:3984/devtools/browser/1f66bb26-500d-4835-9318-157c19e31415
1659468497547	Marionette	INFO	Stopped listening on port 3991
console.warn: TopSitesFeed: Failed to fetch data from Contile server: NetworkError when attempting to fetch resource.
remote-debugging-port" "4044" "-no-remote" "-profile" "C:\\Users\\Msi\\AppData\\Local\\Temp\\rust_mozprofilepquZA3"
1659468485418	Marionette	INFO	Marionette enabled
1659468485421	Marionette	INFO	Listening on port 4051
WebDriver BiDi listening on ws://localhost:4044
1659468485680	RemoteAgent	WARN	TLS certificate errors will be ignored for this session
console.warn: SearchSettings: "get: No settings file exists, new profile?" (new NotFoundError("Could not open the file at C:\\Users\\Msi\\AppData\\Local\\Temp\\rust_mozprofilepquZA3\\search.json.mozlz4", (void 0)))
DevTools listening on ws://localhost:4044/devtools/browser/e547feec-3948-4209-a6c7-6ed70ad81591
1659468498528	Marionette	INFO	Stopped listening on port 4051
console.warn: TopSitesFeed: Failed to fetch data from Contile server: NetworkError when attempting to fetch resource.
1659468525553	geckodriver	INFO	Listening on 127.0.0.1:4110
1659468528618	mozrunner::runner	INFO	Running command: "C:\\Program Files\\Mozilla Firefox\\firefox.exe" "--marionette" "--remote-debugging-port" "4111" "-no-remote" "-profile" "C:\\Users\\Msi\\AppData\\Local\\Temp\\rust_mozprofilexTVdap"
1659468528869	Marionette	INFO	Marionette enabled
1659468528872	Marionette	INFO	Listening on port 4117
WebDriver BiDi listening on ws://localhost:4111
1659468529232	RemoteAgent	WARN	TLS certificate errors will be ignored for this session
console.warn: SearchSettings: "get: No settings file exists, new profile?" (new NotFoundError("Could not open the file at C:\\Users\\Msi\\AppData\\Local\\Temp\\rust_mozprofilexTVdap\\search.json.mozlz4", (void 0)))
DevTools listening on ws://localhost:4111/devtools/browser/cf07584f-8efe-40cd-8973-bb6518240301
1659468737539	Marionette	INFO	Stopped listening on port 4117
console.warn: TopSitesFeed: Failed to fetch data from Contile server: NetworkError when attempting to fetch resource.
remote-debugging-port" "4207" "-no-remote" "-profile" "C:\\Users\\Msi\\AppData\\Local\\Temp\\rust_mozprofileJg7ki8"
1659468610335	Marionette	INFO	Marionette enabled
1659468610338	Marionette	INFO	Listening on port 4215
WebDriver BiDi listening on ws://localhost:4207
1659468610702	RemoteAgent	WARN	TLS certificate errors will be ignored for this session
console.warn: SearchSettings: "get: No settings file exists, new profile?" (new NotFoundError("Could not open the file at C:\\Users\\Msi\\AppData\\Local\\Temp\\rust_mozprofileJg7ki8\\search.json.mozlz4", (void 0)))
DevTools listening on ws://localhost:4207/devtools/browser/5ac40533-ed96-4f8f-ab87-2a1a16dda2d1
1659468738585	Marionette	INFO	Stopped listening on port 4215
console.warn: TopSitesFeed: Failed to fetch data from Contile server: NetworkError when attempting to fetch resource.
remote-debugging-port" "4265" "-no-remote" "-profile" "C:\\Users\\Msi\\AppData\\Local\\Temp\\rust_mozprofile7vEqZW"
1659468649657	Marionette	INFO	Marionette enabled
1659468649662	Marionette	INFO	Listening on port 4272
WebDriver BiDi listening on ws://localhost:4265
1659468650016	RemoteAgent	WARN	TLS certificate errors will be ignored for this session
console.warn: SearchSettings: "get: No settings file exists, new profile?" (new NotFoundError("Could not open the file at C:\\Users\\Msi\\AppData\\Local\\Temp\\rust_mozprofile7vEqZW\\search.json.mozlz4", (void 0)))
DevTools listening on ws://localhost:4265/devtools/browser/263ab84e-d205-4c06-8b8f-ea3053ef3aa0
1659468739620	Marionette	INFO	Stopped listening on port 4272
console.warn: TopSitesFeed: Failed to fetch data from Contile server: NetworkError when attempting to fetch resource.
remote-debugging-port" "3447" "-no-remote" "-profile" "C:\\Users\\Msi\\AppData\\Local\\Temp\\rust_mozprofileWHsPI9"
1659468693598	Marionette	INFO	Marionette enabled
1659468693605	Marionette	INFO	Listening on port 3454
WebDriver BiDi listening on ws://localhost:3447
1659468693886	RemoteAgent	WARN	TLS certificate errors will be ignored for this session
console.warn: SearchSettings: "get: No settings file exists, new profile?" (new NotFoundError("Could not open the file at C:\\Users\\Msi\\AppData\\Local\\Temp\\rust_mozprofileWHsPI9\\search.json.mozlz4", (void 0)))
DevTools listening on ws://localhost:3447/devtools/browser/e08bf29c-4272-4472-a922-a7691b3480b0
1659468694973	Marionette	INFO	Stopped listening on port 3454
console.warn: SearchService: "#init: abandoning init due to shutting down"
JavaScript error: , line 0: uncaught exception: 2147500036
JavaScript error: , line 0: uncaught exception: 2147500036
JavaScript error: , line 0: uncaught exception: 2147500036
JavaScript error: , line 0: uncaught exception: 2147500036
JavaScript error: , line 0: uncaught exception: 2147500036
JavaScript error: , line 0: uncaught exception: 2147500036
console.error: Region.jsm: "Error fetching region" (new TypeError("NetworkError when attempting to fetch resource.", ""))
console.error: Region.jsm: "Failed to fetch region" (new Error("NO_RESULT", "resource://gre/modules/Region.jsm", 421))
1659468724416	geckodriver	INFO	Listening on 127.0.0.1:3487
1659468727472	mozrunner::runner	INFO	Running command: "C:\\Program Files\\Mozilla Firefox\\firefox.exe" "--marionette" "--remote-debugging-port" "3488" "-no-remote" "-profile" "C:\\Users\\Msi\\AppData\\Local\\Temp\\rust_mozprofilen3fwm9"
1659468727774	Marionette	INFO	Marionette enabled
1659468727778	Marionette	INFO	Listening on port 3496
WebDriver BiDi listening on ws://localhost:3488
1659468728068	RemoteAgent	WARN	TLS certificate errors will be ignored for this session
console.warn: SearchSettings: "get: No settings file exists, new profile?" (new NotFoundError("Could not open the file at C:\\Users\\Msi\\AppData\\Local\\Temp\\rust_mozprofilen3fwm9\\search.json.mozlz4", (void 0)))
DevTools listening on ws://localhost:3488/devtools/browser/b2772684-8864-42e4-a961-827a81d6700c
1659468729229	Marionette	INFO	Stopped listening on port 3496
console.error: Region.jsm: "Error fetching region" (new TypeError("NetworkError when attempting to fetch resource.", ""))
console.error: Region.jsm: "Failed to fetch region" (new Error("NO_RESULT", "resource://gre/modules/Region.jsm", 421))
1659468742876	geckodriver	INFO	Listening on 127.0.0.1:3522
1659468745940	mozrunner::runner	INFO	Running command: "C:\\Program Files\\Mozilla Firefox\\firefox.exe" "--marionette" "--remote-debugging-port" "3523" "-no-remote" "-profile" "C:\\Users\\Msi\\AppData\\Local\\Temp\\rust_mozprofilesymXHE"
1659468746229	Marionette	INFO	Marionette enabled
1659468746232	Marionette	INFO	Listening on port 3530
WebDriver BiDi listening on ws://localhost:3523
1659468746469	RemoteAgent	WARN	TLS certificate errors will be ignored for this session
console.warn: SearchSettings: "get: No settings file exists, new profile?" (new NotFoundError("Could not open the file at C:\\Users\\Msi\\AppData\\Local\\Temp\\rust_mozprofilesymXHE\\search.json.mozlz4", (void 0)))
DevTools listening on ws://localhost:3523/devtools/browser/4b25ade8-4eee-4bff-b269-8cc3a2bda9bf
1659468747568	Marionette	INFO	Stopped listening on port 3530
console.error: Region.jsm: "Error fetching region" (new TypeError("NetworkError when attempting to fetch resource.", ""))
console.error: Region.jsm: "Failed to fetch region" (new Error("NO_RESULT", "resource://gre/modules/Region.jsm", 421))
1659468863371	geckodriver	INFO	Listening on 127.0.0.1:3627
1659468866424	mozrunner::runner	INFO	Running command: "C:\\Program Files\\Mozilla Firefox\\firefox.exe" "--marionette" "--remote-debugging-port" "3628" "-no-remote" "-profile" "C:\\Users\\Msi\\AppData\\Local\\Temp\\rust_mozprofile6WO7Wj"
1659468866678	Marionette	INFO	Marionette enabled
1659468866681	Marionette	INFO	Listening on port 3636
WebDriver BiDi listening on ws://localhost:3628
1659468867044	RemoteAgent	WARN	TLS certificate errors will be ignored for this session
console.warn: SearchSettings: "get: No settings file exists, new profile?" (new NotFoundError("Could not open the file at C:\\Users\\Msi\\AppData\\Local\\Temp\\rust_mozprofile6WO7Wj\\search.json.mozlz4", (void 0)))
DevTools listening on ws://localhost:3628/devtools/browser/e769f6b8-bf9c-4105-9331-19dd7a63df40
1659468867995	Marionette	INFO	Stopped listening on port 3636
console.error: Region.jsm: "Error fetching region" (new TypeError("NetworkError when attempting to fetch resource.", ""))
console.error: Region.jsm: "Failed to fetch region" (new Error("NO_RESULT", "resource://gre/modules/Region.jsm", 421))
1659468882828	geckodriver	INFO	Listening on 127.0.0.1:3661
1659468885893	mozrunner::runner	INFO	Running command: "C:\\Program Files\\Mozilla Firefox\\firefox.exe" "--marionette" "--remote-debugging-port" "3662" "-no-remote" "-profile" "C:\\Users\\Msi\\AppData\\Local\\Temp\\rust_mozprofilevu95l8"
1659468886143	Marionette	INFO	Marionette enabled
1659468886146	Marionette	INFO	Listening on port 3669
WebDriver BiDi listening on ws://localhost:3662
1659468886515	RemoteAgent	WARN	TLS certificate errors will be ignored for this session
console.warn: SearchSettings: "get: No settings file exists, new profile?" (new NotFoundError("Could not open the file at C:\\Users\\Msi\\AppData\\Local\\Temp\\rust_mozprofilevu95l8\\search.json.mozlz4", (void 0)))
DevTools listening on ws://localhost:3662/devtools/browser/e74d74e2-7c81-47cf-8ec5-bd2e430382c7
1659468887515	Marionette	INFO	Stopped listening on port 3669
console.error: Region.jsm: "Error fetching region" (new TypeError("NetworkError when attempting to fetch resource.", ""))
console.error: Region.jsm: "Failed to fetch region" (new Error("NO_RESULT", "resource://gre/modules/Region.jsm", 421))
1659468954995	geckodriver	INFO	Listening on 127.0.0.1:3999
1659468958074	mozrunner::runner	INFO	Running command: "C:\\Program Files\\Mozilla Firefox\\firefox.exe" "--marionette" "--remote-debugging-port" "4000" "-no-remote" "-profile" "C:\\Users\\Msi\\AppData\\Local\\Temp\\rust_mozprofilecejI7x"
1659468958329	Marionette	INFO	Marionette enabled
1659468958332	Marionette	INFO	Listening on port 4007
WebDriver BiDi listening on ws://localhost:4000
1659468958687	RemoteAgent	WARN	TLS certificate errors will be ignored for this session
console.warn: SearchSettings: "get: No settings file exists, new profile?" (new NotFoundError("Could not open the file at C:\\Users\\Msi\\AppData\\Local\\Temp\\rust_mozprofilecejI7x\\search.json.mozlz4", (void 0)))
DevTools listening on ws://localhost:4000/devtools/browser/f231d2b9-2e44-4ae4-b624-644186af07ce
1659468959665	Marionette	INFO	Stopped listening on port 4007
console.error: Region.jsm: "Error fetching region" (new TypeError("NetworkError when attempting to fetch resource.", ""))
console.error: Region.jsm: "Failed to fetch region" (new Error("NO_RESULT", "resource://gre/modules/Region.jsm", 421))
1659468963246	geckodriver	INFO	Listening on 127.0.0.1:4023
1659468966274	mozrunner::runner	INFO	Running command: "C:\\Program Files\\Mozilla Firefox\\firefox.exe" "--marionette" "--remote-debugging-port" "4024" "-no-remote" "-profile" "C:\\Users\\Msi\\AppData\\Local\\Temp\\rust_mozprofilekDiHoo"
1659468966536	Marionette	INFO	Marionette enabled
1659468966540	Marionette	INFO	Listening on port 4031
WebDriver BiDi listening on ws://localhost:4024
1659468966894	RemoteAgent	WARN	TLS certificate errors will be ignored for this session
console.warn: SearchSettings: "get: No settings file exists, new profile?" (new NotFoundError("Could not open the file at C:\\Users\\Msi\\AppData\\Local\\Temp\\rust_mozprofilekDiHoo\\search.json.mozlz4", (void 0)))
DevTools listening on ws://localhost:4024/devtools/browser/7929ba8d-9e23-4c04-bbf0-b3e515ecb828
1659468968041	Marionette	INFO	Stopped listening on port 4031
console.error: Region.jsm: "Error fetching region" (new TypeError("NetworkError when attempting to fetch resource.", ""))
console.error: Region.jsm: "Failed to fetch region" (new Error("NO_RESULT", "resource://gre/modules/Region.jsm", 421))
1659468971649	geckodriver	INFO	Listening on 127.0.0.1:4049
1659468974704	mozrunner::runner	INFO	Running command: "C:\\Program Files\\Mozilla Firefox\\firefox.exe" "--marionette" "--remote-debugging-port" "4050" "-no-remote" "-profile" "C:\\Users\\Msi\\AppData\\Local\\Temp\\rust_mozprofilethcteS"
1659468974953	Marionette	INFO	Marionette enabled
1659468974956	Marionette	INFO	Listening on port 4057
WebDriver BiDi listening on ws://localhost:4050
1659468975250	RemoteAgent	WARN	TLS certificate errors will be ignored for this session
console.warn: SearchSettings: "get: No settings file exists, new profile?" (new NotFoundError("Could not open the file at C:\\Users\\Msi\\AppData\\Local\\Temp\\rust_mozprofilethcteS\\search.json.mozlz4", (void 0)))
DevTools listening on ws://localhost:4050/devtools/browser/eec6e8de-4f05-4030-98f7-29b8c818fd9a
1659469541148	Marionette	INFO	Stopped listening on port 4057
console.warn: TopSitesFeed: Failed to fetch data from Contile server: NetworkError when attempting to fetch resource.
[Parent 12676, IPC I/O Parent] WARNING: file /builds/worker/checkouts/gecko/ipc/chromium/src/base/process_util_win.cc:167
